Using pre-set license
Built from '2021.3/china_unity/release' branch; Version is '2021.3.33f1c1 (682b9db7927c) revision 6826909'; Using compiler version '192829333'; Build Type 'Release'
OS: 'Windows 10  (10.0.19045) 64bit Professional' Language: 'zh' Physical Memory: 16110 MB
BatchMode: 1, IsHumanControllingUs: 0, StartBugReporterOnCrash: 0, Is64bit: 1, IsPro: 1

COMMAND LINE ARGUMENTS:
D:\Unity\Unity Editors\Unity 2021.3.33f1c1\Editor\Unity.exe
-adb2
-batchMode
-noUpm
-name
AssetImportWorker6
-projectPath
D:/ArticleCreator/PlayableAssets可游玩项目
-logFile
Logs/AssetImportWorker6.log
-srvPort
62932
Successfully changed project path to: D:/ArticleCreator/PlayableAssets可游玩项目
D:/ArticleCreator/PlayableAssets可游玩项目
[UnityMemory] Configuration Parameters - Can be set up in boot.config
    "memorysetup-bucket-allocator-granularity=16"
    "memorysetup-bucket-allocator-bucket-count=8"
    "memorysetup-bucket-allocator-block-size=33554432"
    "memorysetup-bucket-allocator-block-count=8"
    "memorysetup-main-allocator-block-size=16777216"
    "memorysetup-thread-allocator-block-size=16777216"
    "memorysetup-gfx-main-allocator-block-size=16777216"
    "memorysetup-gfx-thread-allocator-block-size=16777216"
    "memorysetup-cache-allocator-block-size=4194304"
    "memorysetup-typetree-allocator-block-size=2097152"
    "memorysetup-profiler-bucket-allocator-granularity=16"
    "memorysetup-profiler-bucket-allocator-bucket-count=8"
    "memorysetup-profiler-bucket-allocator-block-size=33554432"
    "memorysetup-profiler-bucket-allocator-block-count=8"
    "memorysetup-profiler-allocator-block-size=16777216"
    "memorysetup-profiler-editor-allocator-block-size=1048576"
    "memorysetup-temp-allocator-size-main=16777216"
    "memorysetup-job-temp-allocator-block-size=2097152"
    "memorysetup-job-temp-allocator-block-size-background=1048576"
    "memorysetup-job-temp-allocator-reduction-small-platforms=262144"
    "memorysetup-temp-allocator-size-background-worker=32768"
    "memorysetup-temp-allocator-size-job-worker=262144"
    "memorysetup-temp-allocator-size-preload-manager=33554432"
    "memorysetup-temp-allocator-size-nav-mesh-worker=65536"
    "memorysetup-temp-allocator-size-audio-worker=65536"
    "memorysetup-temp-allocator-size-cloud-worker=32768"
    "memorysetup-temp-allocator-size-gi-baking-worker=262144"
    "memorysetup-temp-allocator-size-gfx=262144"
Player connection [620] Host "[IP] 198.18.0.1 [Port] 0 [Flags] 2 [Guid] 2439648801 [EditorId] 2439648801 [Version] 1048832 [Id] WindowsEditor(7,SC-202408211807) [Debug] 1 [PackageName] WindowsEditor [ProjectName] Editor" joined multi-casting on [225.0.0.222:54997]...

Player connection [620] Host "[IP] 198.18.0.1 [Port] 0 [Flags] 2 [Guid] 2439648801 [EditorId] 2439648801 [Version] 1048832 [Id] WindowsEditor(7,SC-202408211807) [Debug] 1 [PackageName] WindowsEditor [ProjectName] Editor" joined alternative multi-casting on [225.0.0.222:34997]...

AS: AutoStreaming module initializing.
[Physics::Module] Initialized MultithreadedJobDispatcher with {0} workers.
Refreshing native plugins compatible for Editor in 106.38 ms, found 3 plugins.
Preloading 0 native plugins for Editor in 0.00 ms.
Initialize engine version: 2021.3.33f1c1 (682b9db7927c)
[Subsystems] Discovering subsystems at path D:/Unity/Unity Editors/Unity 2021.3.33f1c1/Editor/Data/Resources/UnitySubsystems
[Subsystems] Discovering subsystems at path D:/ArticleCreator/PlayableAssets可游玩项目/Assets
GfxDevice: creating device client; threaded=0; jobified=0
Direct3D:
    Version:  Direct3D 11.0 [level 11.1]
    Renderer: NVIDIA GeForce RTX 3060 Laptop GPU (ID=0x2560)
    Vendor:   NVIDIA
    VRAM:     5996 MB
    Driver:   32.0.15.7628
Initialize mono
Mono path[0] = 'D:/Unity/Unity Editors/Unity 2021.3.33f1c1/Editor/Data/Managed'
Mono path[1] = 'D:/Unity/Unity Editors/Unity 2021.3.33f1c1/Editor/Data/MonoBleedingEdge/lib/mono/unityjit-win32'
Mono config path = 'D:/Unity/Unity Editors/Unity 2021.3.33f1c1/Editor/Data/MonoBleedingEdge/etc'
Using monoOptions --debugger-agent=transport=dt_socket,embedding=1,server=y,suspend=n,address=127.0.0.1:56844
Begin MonoManager ReloadAssembly
Registering precompiled unity dll's ...
Register platform support module: D:/Unity/Unity Editors/Unity 2021.3.33f1c1/Editor/Data/PlaybackEngines/AndroidPlayer/UnityEditor.Android.Extensions.dll
Register platform support module: D:/Unity/Unity Editors/Unity 2021.3.33f1c1/Editor/Data/PlaybackEngines/WindowsStandaloneSupport/UnityEditor.WindowsStandalone.Extensions.dll
Registered in 0.869027 seconds.
Native extension for WindowsStandalone target not found
Native extension for Android target not found
Refreshing native plugins compatible for Editor in 84.97 ms, found 3 plugins.
Preloading 0 native plugins for Editor in 0.00 ms.
Mono: successfully reloaded assembly
- Completed reload, in  6.782 seconds
Domain Reload Profiling:
	ReloadAssembly (6782ms)
		BeginReloadAssembly (3491ms)
			ExecutionOrderSort (0ms)
			DisableScriptedObjects (0ms)
			BackupInstance (0ms)
			ReleaseScriptingObjects (0ms)
			CreateAndSetChildDomain (1ms)
		EndReloadAssembly (2111ms)
			LoadAssemblies (3477ms)
			RebuildTransferFunctionScriptingTraits (0ms)
			SetupTypeCache (789ms)
			ReleaseScriptCaches (0ms)
			RebuildScriptCaches (34ms)
			SetupLoadedEditorAssemblies (1218ms)
				LogAssemblyErrors (0ms)
				InitializePlatformSupportModulesInManaged (833ms)
				SetLoadedEditorAssemblies (0ms)
				RefreshPlugins (85ms)
				BeforeProcessingInitializeOnLoad (2ms)
				ProcessInitializeOnLoadAttributes (200ms)
				ProcessInitializeOnLoadMethodAttributes (98ms)
				AfterProcessingInitializeOnLoad (0ms)
				EditorAssembliesLoaded (0ms)
			ExecutionOrderSort2 (0ms)
			AwakeInstancesAfterBackupRestoration (0ms)
Platform modules already initialized, skipping
Registering precompiled user dll's ...
Registered in 0.009505 seconds.
Begin MonoManager ReloadAssembly
Native extension for WindowsStandalone target not found
Native extension for Android target not found
Refreshing native plugins compatible for Editor in 111.09 ms, found 3 plugins.
Preloading 0 native plugins for Editor in 0.00 ms.
Package Manager log level set to [2]
[Package Manager] Server::EnsureServerProcessIsRunning -- launch failed, reason: Unity was launched with the -noUpm command-line argument
[Package Manager] Cannot connect to Unity Package Manager local server
Mono: successfully reloaded assembly
- Completed reload, in 14.263 seconds
Domain Reload Profiling:
	ReloadAssembly (14264ms)
		BeginReloadAssembly (576ms)
			ExecutionOrderSort (0ms)
			DisableScriptedObjects (7ms)
			BackupInstance (0ms)
			ReleaseScriptingObjects (0ms)
			CreateAndSetChildDomain (27ms)
		EndReloadAssembly (12380ms)
			LoadAssemblies (3833ms)
			RebuildTransferFunctionScriptingTraits (0ms)
			SetupTypeCache (581ms)
			ReleaseScriptCaches (1ms)
			RebuildScriptCaches (70ms)
			SetupLoadedEditorAssemblies (8137ms)
				LogAssemblyErrors (0ms)
				InitializePlatformSupportModulesInManaged (121ms)
				SetLoadedEditorAssemblies (0ms)
				RefreshPlugins (111ms)
				BeforeProcessingInitializeOnLoad (308ms)
				ProcessInitializeOnLoadAttributes (7180ms)
				ProcessInitializeOnLoadMethodAttributes (77ms)
				AfterProcessingInitializeOnLoad (340ms)
				EditorAssembliesLoaded (0ms)
			ExecutionOrderSort2 (0ms)
			AwakeInstancesAfterBackupRestoration (6ms)
Platform modules already initialized, skipping
========================================================================
Worker process is ready to serve import requests
Launched and connected shader compiler UnityShaderCompiler.exe after 0.29 seconds
Refreshing native plugins compatible for Editor in 3.42 ms, found 3 plugins.
Preloading 0 native plugins for Editor in 0.00 ms.
Unloading 2903 Unused Serialized files (Serialized files now loaded: 0)
Unloading 50 unused Assets / (1.5 MB). Loaded Objects now: 3352.
Memory consumption went from 142.0 MB to 140.6 MB.
Total: 4.222200 ms (FindLiveObjects: 0.336600 ms CreateObjectMapping: 0.101600 ms MarkObjects: 2.942200 ms  DeleteObjects: 0.840200 ms)

AssetImportParameters requested are different than current active one (requested -> active):
  custom:video-decoder-ogg-theora: a1e56fd34408186e4bbccfd4996cb3dc -> 
  custom:container-muxer-webm: aa71ff27fc2769a1b78a27578f13a17b -> 
  custom:container-demuxer-webm: 4f35f7cbe854078d1ac9338744f61a02 -> 
  custom:video-encoder-webm-vp8: eb34c28f22e8b96e1ab97ce403110664 -> 
  custom:CustomObjectIndexerAttribute: bc11b3a6c3213fcdd17b65e7da85e133 -> 
  custom:audio-encoder-webm-vorbis: bf7c407c2cedff20999df2af8eb42d56 -> 
  custom:framework-win-MediaFoundation: 216162199b28c13a410421893ffa2e32 -> 
  custom:SearchIndexIgnoredProperties: e643bd26f0fe6173181afceb89e7c659 -> 
  custom:container-demuxer-ogg: 62fdf1f143b41e24485cea50d1cbac27 -> 
  custom:video-decoder-webm-vp8: 9c59270c3fd7afecdb556c50c9e8de78 -> 
  custom:audio-decoder-ogg-vorbis: bf7c407c2cedff20999df2af8eb42d56 -> 
========================================================================
Received Import Request.
  Time since last request: 48648.573934 seconds.
  path: Assets/Animators/CharacterSprite/RatAnim/walk_22.png
  artifactKey: Guid(43271c188c64aba41a34830666a48849) Importer(815301076,1909f56bfc062723c751e8b465ee728b)
Number of updated assets reloaded before import = 0
Start importing Assets/Animators/CharacterSprite/RatAnim/walk_22.png using Guid(43271c188c64aba41a34830666a48849) Importer(815301076,1909f56bfc062723c751e8b465ee728b)  -> (artifact id: 'afdca373924575c201ccfd7d1dd65528') in 1.330161 seconds 
Number of asset objects unloaded after import = 3
========================================================================
Received Import Request.
  Time since last request: 0.000045 seconds.
  path: Assets/Animators/CharacterSprite/1_警察攻击弹道/警察攻击弹道/弹道/2.png
  artifactKey: Guid(ca7368ee49558f64499621b2c750818c) Importer(815301076,1909f56bfc062723c751e8b465ee728b)
Number of updated assets reloaded before import = 0
Start importing Assets/Animators/CharacterSprite/1_警察攻击弹道/警察攻击弹道/弹道/2.png using Guid(ca7368ee49558f64499621b2c750818c) Importer(815301076,1909f56bfc062723c751e8b465ee728b)  -> (artifact id: 'e275899c9c7940ad78e7a5099bd34f96') in 0.779556 seconds 
Number of asset objects unloaded after import = 3
========================================================================
Received Import Request.
  Time since last request: 0.000040 seconds.
  path: Assets/Resources/WordImage/Character/垄断公司.png
  artifactKey: Guid(5f3aa944167465149ad4fbfcbfa123f0) Importer(815301076,1909f56bfc062723c751e8b465ee728b)
Number of updated assets reloaded before import = 0
Start importing Assets/Resources/WordImage/Character/垄断公司.png using Guid(5f3aa944167465149ad4fbfcbfa123f0) Importer(815301076,1909f56bfc062723c751e8b465ee728b)  -> (artifact id: '7bdb81c1e81ec6ef307126070d2ed4e3') in 1.169023 seconds 
Number of asset objects unloaded after import = 3
========================================================================
Received Import Request.
  Time since last request: 0.000036 seconds.
  path: Assets/Art/事件2/事件横幅/交易1/IMG_7073-22.png
  artifactKey: Guid(767b5cc982250624997643df23190a78) Importer(815301076,1909f56bfc062723c751e8b465ee728b)
Number of updated assets reloaded before import = 0
Start importing Assets/Art/事件2/事件横幅/交易1/IMG_7073-22.png using Guid(767b5cc982250624997643df23190a78) Importer(815301076,1909f56bfc062723c751e8b465ee728b)  -> (artifact id: 'e7f6bbf084ad1f727f42b107eba5a269') in 0.850320 seconds 
Number of asset objects unloaded after import = 3
========================================================================
Received Import Request.
  Time since last request: 0.000039 seconds.
  path: Assets/Animators/黛玉普攻序列帧+飞行物/LinDaiYu_attack7.png
  artifactKey: Guid(505c20a7cc260364da3fc4f95736f4d6) Importer(815301076,1909f56bfc062723c751e8b465ee728b)
Number of updated assets reloaded before import = 0
Start importing Assets/Animators/黛玉普攻序列帧+飞行物/LinDaiYu_attack7.png using Guid(505c20a7cc260364da3fc4f95736f4d6) Importer(815301076,1909f56bfc062723c751e8b465ee728b)  -> (artifact id: '15bc5554900808973cfff3b807570829') in 0.720593 seconds 
Number of asset objects unloaded after import = 3
========================================================================
Received Import Request.
  Time since last request: 0.000024 seconds.
  path: Assets/Art/NewArtResources/tableobject/ShadeItem/plant.PNG
  artifactKey: Guid(931c4bbb57ae34046b6a19ae0e394618) Importer(815301076,1909f56bfc062723c751e8b465ee728b)
Number of updated assets reloaded before import = 0
Start importing Assets/Art/NewArtResources/tableobject/ShadeItem/plant.PNG using Guid(931c4bbb57ae34046b6a19ae0e394618) Importer(815301076,1909f56bfc062723c751e8b465ee728b)  -> (artifact id: 'ff273703a07d72c6d994eaeed0e65ec4') in 1.047751 seconds 
Number of asset objects unloaded after import = 3
========================================================================
Received Import Request.
  Time since last request: 0.000031 seconds.
  path: Assets/Animators/CharacterSprite/huaiyizhuyi/怀疑主义普攻/普攻/怀疑主义普攻_08.png
  artifactKey: Guid(1c70c258107bf6c45807bf7897c9b791) Importer(815301076,1909f56bfc062723c751e8b465ee728b)
Number of updated assets reloaded before import = 0
Start importing Assets/Animators/CharacterSprite/huaiyizhuyi/怀疑主义普攻/普攻/怀疑主义普攻_08.png using Guid(1c70c258107bf6c45807bf7897c9b791) Importer(815301076,1909f56bfc062723c751e8b465ee728b)  -> (artifact id: 'e90496bb0ea19edde2fa1a8268a6c19b') in 1.000194 seconds 
Number of asset objects unloaded after import = 3
========================================================================
Received Import Request.
  Time since last request: 0.000025 seconds.
  path: Assets/Art/事件2/事件横幅/危机1/IMG_7073-23.png
  artifactKey: Guid(27400b9d8344b2b4c9922b2ea8527b66) Importer(815301076,1909f56bfc062723c751e8b465ee728b)
Number of updated assets reloaded before import = 0
Start importing Assets/Art/事件2/事件横幅/危机1/IMG_7073-23.png using Guid(27400b9d8344b2b4c9922b2ea8527b66) Importer(815301076,1909f56bfc062723c751e8b465ee728b)  -> (artifact id: 'd71d40c7f39cf6c15b992b2454d4cdc5') in 1.910625 seconds 
Number of asset objects unloaded after import = 3
========================================================================
Received Import Request.
  Time since last request: 0.000041 seconds.
  path: Assets/Login1.unity
  artifactKey: Guid(2cd6d1deefe04a745bb814aa12c46f35) Importer(815301076,1909f56bfc062723c751e8b465ee728b)
Number of updated assets reloaded before import = 0
Start importing Assets/Login1.unity using Guid(2cd6d1deefe04a745bb814aa12c46f35) Importer(815301076,1909f56bfc062723c751e8b465ee728b)  -> (artifact id: 'a7cee1978356c404aa0eb5fae99dbc10') in 0.174155 seconds 
Number of asset objects unloaded after import = 0
========================================================================
Received Import Request.
  Time since last request: 0.000024 seconds.
  path: Assets/Scenes/游戏图标.png
  artifactKey: Guid(3c975ab3f531771438a7ba5c123a1389) Importer(815301076,1909f56bfc062723c751e8b465ee728b)
Number of updated assets reloaded before import = 0
Start importing Assets/Scenes/游戏图标.png using Guid(3c975ab3f531771438a7ba5c123a1389) Importer(815301076,1909f56bfc062723c751e8b465ee728b)  -> (artifact id: '18f76815bba73e66fb524566fd5dabfd') in 0.809547 seconds 
Number of asset objects unloaded after import = 3
========================================================================
Received Import Request.
  Time since last request: 11.871548 seconds.
  path: Assets/Art/5.22_add/shooter.psb
  artifactKey: Guid(7b01450edb1cd1e49bff276a4a667938) Importer(815301076,1909f56bfc062723c751e8b465ee728b)
Number of updated assets reloaded before import = 0
Start importing Assets/Art/5.22_add/shooter.psb using Guid(7b01450edb1cd1e49bff276a4a667938) Importer(815301076,1909f56bfc062723c751e8b465ee728b)  -> (artifact id: '0801cdc8f47974a6ea69b8b08f393e52') in 1.580981 seconds 
Number of asset objects unloaded after import = 54
Editor requested this worker to shutdown with reason: Scaling down because of idle timeout
AssetImportWorker is now disconnected from the server
Process exiting
Exiting without the bug reporter. Application will terminate with return code 0