Using pre-set license
Built from '2021.3/china_unity/release' branch; Version is '2021.3.33f1c1 (682b9db7927c) revision 6826909'; Using compiler version '192829333'; Build Type 'Release'
OS: 'Windows 10  (10.0.19045) 64bit Professional' Language: 'zh' Physical Memory: 16110 MB
BatchMode: 1, IsHumanControllingUs: 0, StartBugReporterOnCrash: 0, Is64bit: 1, IsPro: 1

COMMAND LINE ARGUMENTS:
D:\Unity\Unity Editors\Unity 2021.3.33f1c1\Editor\Unity.exe
-adb2
-batchMode
-noUpm
-name
AssetImportWorker0
-projectPath
D:/ArticleCreator/PlayableAssets可游玩项目
-logFile
Logs/AssetImportWorker0.log
-srvPort
62932
Successfully changed project path to: D:/ArticleCreator/PlayableAssets可游玩项目
D:/ArticleCreator/PlayableAssets可游玩项目
[UnityMemory] Configuration Parameters - Can be set up in boot.config
    "memorysetup-bucket-allocator-granularity=16"
    "memorysetup-bucket-allocator-bucket-count=8"
    "memorysetup-bucket-allocator-block-size=33554432"
    "memorysetup-bucket-allocator-block-count=8"
    "memorysetup-main-allocator-block-size=16777216"
    "memorysetup-thread-allocator-block-size=16777216"
    "memorysetup-gfx-main-allocator-block-size=16777216"
    "memorysetup-gfx-thread-allocator-block-size=16777216"
    "memorysetup-cache-allocator-block-size=4194304"
    "memorysetup-typetree-allocator-block-size=2097152"
    "memorysetup-profiler-bucket-allocator-granularity=16"
    "memorysetup-profiler-bucket-allocator-bucket-count=8"
    "memorysetup-profiler-bucket-allocator-block-size=33554432"
    "memorysetup-profiler-bucket-allocator-block-count=8"
    "memorysetup-profiler-allocator-block-size=16777216"
    "memorysetup-profiler-editor-allocator-block-size=1048576"
    "memorysetup-temp-allocator-size-main=16777216"
    "memorysetup-job-temp-allocator-block-size=2097152"
    "memorysetup-job-temp-allocator-block-size-background=1048576"
    "memorysetup-job-temp-allocator-reduction-small-platforms=262144"
    "memorysetup-temp-allocator-size-background-worker=32768"
    "memorysetup-temp-allocator-size-job-worker=262144"
    "memorysetup-temp-allocator-size-preload-manager=33554432"
    "memorysetup-temp-allocator-size-nav-mesh-worker=65536"
    "memorysetup-temp-allocator-size-audio-worker=65536"
    "memorysetup-temp-allocator-size-cloud-worker=32768"
    "memorysetup-temp-allocator-size-gi-baking-worker=262144"
    "memorysetup-temp-allocator-size-gfx=262144"
Player connection [30752] Host "[IP] 198.18.0.1 [Port] 0 [Flags] 2 [Guid] 3185476588 [EditorId] 3185476588 [Version] 1048832 [Id] WindowsEditor(7,SC-202408211807) [Debug] 1 [PackageName] WindowsEditor [ProjectName] Editor" joined multi-casting on [225.0.0.222:54997]...

Player connection [30752] Host "[IP] 198.18.0.1 [Port] 0 [Flags] 2 [Guid] 3185476588 [EditorId] 3185476588 [Version] 1048832 [Id] WindowsEditor(7,SC-202408211807) [Debug] 1 [PackageName] WindowsEditor [ProjectName] Editor" joined alternative multi-casting on [225.0.0.222:34997]...

AS: AutoStreaming module initializing.
[Physics::Module] Initialized MultithreadedJobDispatcher with {0} workers.
Refreshing native plugins compatible for Editor in 4839.47 ms, found 3 plugins.
Preloading 0 native plugins for Editor in 0.00 ms.
Initialize engine version: 2021.3.33f1c1 (682b9db7927c)
[Subsystems] Discovering subsystems at path D:/Unity/Unity Editors/Unity 2021.3.33f1c1/Editor/Data/Resources/UnitySubsystems
[Subsystems] Discovering subsystems at path D:/ArticleCreator/PlayableAssets可游玩项目/Assets
GfxDevice: creating device client; threaded=0; jobified=0
Direct3D:
    Version:  Direct3D 11.0 [level 11.1]
    Renderer: NVIDIA GeForce RTX 3060 Laptop GPU (ID=0x2560)
    Vendor:   NVIDIA
    VRAM:     5996 MB
    Driver:   32.0.15.7628
Initialize mono
Mono path[0] = 'D:/Unity/Unity Editors/Unity 2021.3.33f1c1/Editor/Data/Managed'
Mono path[1] = 'D:/Unity/Unity Editors/Unity 2021.3.33f1c1/Editor/Data/MonoBleedingEdge/lib/mono/unityjit-win32'
Mono config path = 'D:/Unity/Unity Editors/Unity 2021.3.33f1c1/Editor/Data/MonoBleedingEdge/etc'
Using monoOptions --debugger-agent=transport=dt_socket,embedding=1,server=y,suspend=n,address=127.0.0.1:56668
Begin MonoManager ReloadAssembly
Registering precompiled unity dll's ...
Register platform support module: D:/Unity/Unity Editors/Unity 2021.3.33f1c1/Editor/Data/PlaybackEngines/AndroidPlayer/UnityEditor.Android.Extensions.dll
Register platform support module: D:/Unity/Unity Editors/Unity 2021.3.33f1c1/Editor/Data/PlaybackEngines/WindowsStandaloneSupport/UnityEditor.WindowsStandalone.Extensions.dll
Registered in 0.533450 seconds.
Native extension for WindowsStandalone target not found
Native extension for Android target not found
Refreshing native plugins compatible for Editor in 72.59 ms, found 3 plugins.
Preloading 0 native plugins for Editor in 0.00 ms.
Mono: successfully reloaded assembly
- Completed reload, in  8.753 seconds
Domain Reload Profiling:
	ReloadAssembly (8754ms)
		BeginReloadAssembly (4831ms)
			ExecutionOrderSort (0ms)
			DisableScriptedObjects (0ms)
			BackupInstance (0ms)
			ReleaseScriptingObjects (0ms)
			CreateAndSetChildDomain (1ms)
		EndReloadAssembly (2424ms)
			LoadAssemblies (4897ms)
			RebuildTransferFunctionScriptingTraits (0ms)
			SetupTypeCache (554ms)
			ReleaseScriptCaches (0ms)
			RebuildScriptCaches (43ms)
			SetupLoadedEditorAssemblies (1611ms)
				LogAssemblyErrors (0ms)
				InitializePlatformSupportModulesInManaged (514ms)
				SetLoadedEditorAssemblies (0ms)
				RefreshPlugins (73ms)
				BeforeProcessingInitializeOnLoad (1ms)
				ProcessInitializeOnLoadAttributes (704ms)
				ProcessInitializeOnLoadMethodAttributes (318ms)
				AfterProcessingInitializeOnLoad (0ms)
				EditorAssembliesLoaded (0ms)
			ExecutionOrderSort2 (0ms)
			AwakeInstancesAfterBackupRestoration (0ms)
Platform modules already initialized, skipping
Registering precompiled user dll's ...
Registered in 0.789696 seconds.
Begin MonoManager ReloadAssembly
Native extension for WindowsStandalone target not found
Native extension for Android target not found
Refreshing native plugins compatible for Editor in 89.83 ms, found 3 plugins.
Preloading 0 native plugins for Editor in 0.00 ms.
Package Manager log level set to [2]
[Package Manager] Server::EnsureServerProcessIsRunning -- launch failed, reason: Unity was launched with the -noUpm command-line argument
[Package Manager] Cannot connect to Unity Package Manager local server
Mono: successfully reloaded assembly
- Completed reload, in  8.242 seconds
Domain Reload Profiling:
	ReloadAssembly (8243ms)
		BeginReloadAssembly (930ms)
			ExecutionOrderSort (0ms)
			DisableScriptedObjects (6ms)
			BackupInstance (0ms)
			ReleaseScriptingObjects (0ms)
			CreateAndSetChildDomain (22ms)
		EndReloadAssembly (6338ms)
			LoadAssemblies (3797ms)
			RebuildTransferFunctionScriptingTraits (0ms)
			SetupTypeCache (723ms)
			ReleaseScriptCaches (1ms)
			RebuildScriptCaches (66ms)
			SetupLoadedEditorAssemblies (2070ms)
				LogAssemblyErrors (0ms)
				InitializePlatformSupportModulesInManaged (92ms)
				SetLoadedEditorAssemblies (0ms)
				RefreshPlugins (90ms)
				BeforeProcessingInitializeOnLoad (324ms)
				ProcessInitializeOnLoadAttributes (1243ms)
				ProcessInitializeOnLoadMethodAttributes (176ms)
				AfterProcessingInitializeOnLoad (144ms)
				EditorAssembliesLoaded (0ms)
			ExecutionOrderSort2 (0ms)
			AwakeInstancesAfterBackupRestoration (5ms)
Platform modules already initialized, skipping
========================================================================
Worker process is ready to serve import requests
Launched and connected shader compiler UnityShaderCompiler.exe after 0.13 seconds
Refreshing native plugins compatible for Editor in 1.15 ms, found 3 plugins.
Preloading 0 native plugins for Editor in 0.00 ms.
Unloading 2903 Unused Serialized files (Serialized files now loaded: 0)
Unloading 50 unused Assets / (1.4 MB). Loaded Objects now: 3351.
Memory consumption went from 141.8 MB to 140.4 MB.
Total: 3.990700 ms (FindLiveObjects: 0.253100 ms CreateObjectMapping: 0.074800 ms MarkObjects: 2.896600 ms  DeleteObjects: 0.764700 ms)

AssetImportParameters requested are different than current active one (requested -> active):
  custom:video-decoder-ogg-theora: a1e56fd34408186e4bbccfd4996cb3dc -> 
  custom:container-muxer-webm: aa71ff27fc2769a1b78a27578f13a17b -> 
  custom:container-demuxer-webm: 4f35f7cbe854078d1ac9338744f61a02 -> 
  custom:video-encoder-webm-vp8: eb34c28f22e8b96e1ab97ce403110664 -> 
  custom:CustomObjectIndexerAttribute: bc11b3a6c3213fcdd17b65e7da85e133 -> 
  custom:audio-encoder-webm-vorbis: bf7c407c2cedff20999df2af8eb42d56 -> 
  custom:framework-win-MediaFoundation: 216162199b28c13a410421893ffa2e32 -> 
  custom:SearchIndexIgnoredProperties: e643bd26f0fe6173181afceb89e7c659 -> 
  custom:container-demuxer-ogg: 62fdf1f143b41e24485cea50d1cbac27 -> 
  custom:video-decoder-webm-vp8: 9c59270c3fd7afecdb556c50c9e8de78 -> 
  custom:audio-decoder-ogg-vorbis: bf7c407c2cedff20999df2af8eb42d56 -> 
========================================================================
Received Import Request.
  Time since last request: 47536.656396 seconds.
  path: Assets/Font/No.73ShangShouFenBiTi-2 SDF.asset
  artifactKey: Guid(4fd81f2352014f648ba9575767805c32) Importer(815301076,1909f56bfc062723c751e8b465ee728b)
Number of updated assets reloaded before import = 0
Start importing Assets/Font/No.73ShangShouFenBiTi-2 SDF.asset using Guid(4fd81f2352014f648ba9575767805c32) Importer(815301076,1909f56bfc062723c751e8b465ee728b)  -> (artifact id: '99edbac936f273c65d711098b9148f35') in 3.446419 seconds 
Number of asset objects unloaded after import = 6
========================================================================
Received Import Request.
  Time since last request: 0.000032 seconds.
  path: Assets/Art/5.5UI补充/新场景/scenephoto.prefab
  artifactKey: Guid(d3ecf04f444ef524fb953b67d1a503fc) Importer(815301076,1909f56bfc062723c751e8b465ee728b)
Number of updated assets reloaded before import = 0
Start importing Assets/Art/5.5UI补充/新场景/scenephoto.prefab using Guid(d3ecf04f444ef524fb953b67d1a503fc) Importer(815301076,1909f56bfc062723c751e8b465ee728b)  -> (artifact id: '942c9fb16940b33b2b2546b60a30e188') in 1.448273 seconds 
Number of asset objects unloaded after import = 27
========================================================================
Received Import Request.
  Time since last request: 0.000040 seconds.
  path: Assets/Editor/SpineSettings.asset
  artifactKey: Guid(9e66c9d37ef71fc45a85d313913bc11c) Importer(815301076,1909f56bfc062723c751e8b465ee728b)
Number of updated assets reloaded before import = 0
Start importing Assets/Editor/SpineSettings.asset using Guid(9e66c9d37ef71fc45a85d313913bc11c) Importer(815301076,1909f56bfc062723c751e8b465ee728b)  -> (artifact id: '803b1e8d3a3a848c43d846b944db5da4') in 0.144680 seconds 
Number of asset objects unloaded after import = 1
========================================================================
Received Import Request.
  Time since last request: 0.000025 seconds.
  path: Assets/Scenes/LoadingScene/Loading_Combat.unity
  artifactKey: Guid(8059a3d499f64484ab463d05abb965f1) Importer(815301076,1909f56bfc062723c751e8b465ee728b)
Number of updated assets reloaded before import = 0
Start importing Assets/Scenes/LoadingScene/Loading_Combat.unity using Guid(8059a3d499f64484ab463d05abb965f1) Importer(815301076,1909f56bfc062723c751e8b465ee728b)  -> (artifact id: '473251a21b4639f80e5181fdf2ee6675') in 0.103800 seconds 
Number of asset objects unloaded after import = 0
========================================================================
Received Import Request.
  Time since last request: 0.000034 seconds.
  path: Assets/Font/No.73ShangShouFenBiTi-2.ttf
  artifactKey: Guid(62ec31c51347b9e42941f98bb44940db) Importer(815301076,1909f56bfc062723c751e8b465ee728b)
Number of updated assets reloaded before import = 0
Start importing Assets/Font/No.73ShangShouFenBiTi-2.ttf using Guid(62ec31c51347b9e42941f98bb44940db) Importer(815301076,1909f56bfc062723c751e8b465ee728b)  -> (artifact id: '0a512165f56ad497f42da1a4fd569a05') in 0.178713 seconds 
Number of asset objects unloaded after import = 4
========================================================================
Received Import Request.
  Time since last request: 0.000025 seconds.
  path: Assets/Art/5.5UI补充/新场景/newscene_title.png
  artifactKey: Guid(70ab15ffedbbd0e4292043c3eb4769ea) Importer(815301076,1909f56bfc062723c751e8b465ee728b)
Number of updated assets reloaded before import = 0
Start importing Assets/Art/5.5UI补充/新场景/newscene_title.png using Guid(70ab15ffedbbd0e4292043c3eb4769ea) Importer(815301076,1909f56bfc062723c751e8b465ee728b)  -> (artifact id: '92ad43d09982ced9b03e942dd448e485') in 0.715437 seconds 
Number of asset objects unloaded after import = 3
========================================================================
Received Import Request.
  Time since last request: 0.000065 seconds.
  path: Assets/Font/RuiZiZhenYanCiPoGongYiMianFei-Shan(REEJI-PierceGB-free-Flash)-2 SDF.asset
  artifactKey: Guid(946bba733fe8d1e4ba75411758c5e957) Importer(815301076,1909f56bfc062723c751e8b465ee728b)
Number of updated assets reloaded before import = 0
Start importing Assets/Font/RuiZiZhenYanCiPoGongYiMianFei-Shan(REEJI-PierceGB-free-Flash)-2 SDF.asset using Guid(946bba733fe8d1e4ba75411758c5e957) Importer(815301076,1909f56bfc062723c751e8b465ee728b)  -> (artifact id: '1d557e114f55835292b28917c5f1ff58') in 1.222849 seconds 
Number of asset objects unloaded after import = 6
========================================================================
Received Import Request.
  Time since last request: 0.000023 seconds.
  path: Assets/Font/RuiZiZhenYanCiPoGongYiMianFei-Shan(REEJI-PierceGB-free-Flash)-2.ttf
  artifactKey: Guid(0ecacdb66a471fc479af16dbed03be71) Importer(815301076,1909f56bfc062723c751e8b465ee728b)
Number of updated assets reloaded before import = 0
Start importing Assets/Font/RuiZiZhenYanCiPoGongYiMianFei-Shan(REEJI-PierceGB-free-Flash)-2.ttf using Guid(0ecacdb66a471fc479af16dbed03be71) Importer(815301076,1909f56bfc062723c751e8b465ee728b)  -> (artifact id: '1aaa913468ec6b29be63dc0c8618ea2b') in 0.202734 seconds 
Number of asset objects unloaded after import = 4
========================================================================
Received Import Request.
  Time since last request: 0.000059 seconds.
  path: Assets/Scenes/LoadingScene/Loading.unity
  artifactKey: Guid(2cda990e2423bbf4892e6590ba056729) Importer(815301076,1909f56bfc062723c751e8b465ee728b)
Number of updated assets reloaded before import = 0
Start importing Assets/Scenes/LoadingScene/Loading.unity using Guid(2cda990e2423bbf4892e6590ba056729) Importer(815301076,1909f56bfc062723c751e8b465ee728b)  -> (artifact id: '0b0cf4f975e684576126c771cf9c2dd0') in 0.076546 seconds 
Number of asset objects unloaded after import = 0
========================================================================
Received Import Request.
  Time since last request: 0.000024 seconds.
  path: Assets/Resources/UI/SceneChangeCanvas.prefab
  artifactKey: Guid(ee28d12972f68a54ba759ed5df6a7d1f) Importer(815301076,1909f56bfc062723c751e8b465ee728b)
Number of updated assets reloaded before import = 0
Start importing Assets/Resources/UI/SceneChangeCanvas.prefab using Guid(ee28d12972f68a54ba759ed5df6a7d1f) Importer(815301076,1909f56bfc062723c751e8b465ee728b)  -> (artifact id: '75ba417027423b20117e6c008560f294') in 0.151956 seconds 
Number of asset objects unloaded after import = 36
========================================================================
Received Import Request.
  Time since last request: 0.000028 seconds.
  path: Assets/Font/forte_.ttf
  artifactKey: Guid(64eacfa403c7b3a44a3161d879a1d4eb) Importer(815301076,1909f56bfc062723c751e8b465ee728b)
Number of updated assets reloaded before import = 0
Start importing Assets/Font/forte_.ttf using Guid(64eacfa403c7b3a44a3161d879a1d4eb) Importer(815301076,1909f56bfc062723c751e8b465ee728b)  -> (artifact id: '5b9658e2e10f30f7e6665556ab24489e') in 0.387826 seconds 
Number of asset objects unloaded after import = 4
========================================================================
Received Import Request.
  Time since last request: 0.000044 seconds.
  path: Assets/Scenes/LoadingScene/Loading_StartGame.unity
  artifactKey: Guid(c27b285e5ac0f8d478c0da704d22f612) Importer(815301076,1909f56bfc062723c751e8b465ee728b)
Number of updated assets reloaded before import = 0
Start importing Assets/Scenes/LoadingScene/Loading_StartGame.unity using Guid(c27b285e5ac0f8d478c0da704d22f612) Importer(815301076,1909f56bfc062723c751e8b465ee728b)  -> (artifact id: 'def8032236126b9e5a5d49bc12514ad7') in 0.103451 seconds 
Number of asset objects unloaded after import = 0
========================================================================
Received Import Request.
  Time since last request: 0.000025 seconds.
  path: Assets/Art/5.5UI补充/新场景/scene_bk.png
  artifactKey: Guid(be8777c165e50a14491631aebeec56bb) Importer(815301076,1909f56bfc062723c751e8b465ee728b)
Number of updated assets reloaded before import = 0
Start importing Assets/Art/5.5UI补充/新场景/scene_bk.png using Guid(be8777c165e50a14491631aebeec56bb) Importer(815301076,1909f56bfc062723c751e8b465ee728b)  -> (artifact id: '635be8ba9a27eafd2516777f6824959e') in 0.477692 seconds 
Number of asset objects unloaded after import = 3
Editor requested this worker to shutdown with reason: Scaling down because of idle timeout
AssetImportWorker is now disconnected from the server
Process exiting
Exiting without the bug reporter. Application will terminate with return code 0